============================= test session starts =============================
platform win32 -- Python 3.14.2, pytest-9.0.2, pluggy-1.6.0 -- C:\Users\Rodrigo\AppData\Local\Programs\Python\Python314\python.exe
cachedir: .pytest_cache
django: version: 6.0.1, settings: caixa_nfse.settings.test (from option)
rootdir: C:\Users\Rodrigo\Projetos\wCaixaDigital
configfile: pytest.ini (WARNING: ignoring pytest config in pyproject.toml!)
plugins: anyio-4.12.1, Faker-40.1.2, django-4.11.1
collecting ... collected 34 items

caixa_nfse/relatorios/tests/test_exports.py::TestAllExports::test_export_pdf_mocked[relatorios:movimentacoes] FAILED [  2%]
caixa_nfse/relatorios/tests/test_exports.py::TestAllExports::test_export_pdf_mocked[relatorios:resumo_caixa] FAILED [  5%]
caixa_nfse/relatorios/tests/test_exports.py::TestAllExports::test_export_pdf_mocked[relatorios:formas_pagamento] FAILED [  8%]
caixa_nfse/relatorios/tests/test_exports.py::TestAllExports::test_export_pdf_mocked[relatorios:performance_operador] FAILED [ 11%]
caixa_nfse/relatorios/tests/test_exports.py::TestAllExports::test_export_pdf_mocked[relatorios:historico_aberturas] FAILED [ 14%]
caixa_nfse/relatorios/tests/test_exports.py::TestAllExports::test_export_pdf_mocked[relatorios:diferencas_caixa] FAILED [ 17%]
caixa_nfse/relatorios/tests/test_exports.py::TestAllExports::test_export_pdf_mocked[relatorios:log_acoes] FAILED [ 20%]
caixa_nfse/relatorios/tests/test_exports.py::TestAllExports::test_export_xlsx_mocked[relatorios:movimentacoes] FAILED [ 23%]
caixa_nfse/relatorios/tests/test_exports.py::TestAllExports::test_export_xlsx_mocked[relatorios:resumo_caixa] FAILED [ 26%]
caixa_nfse/relatorios/tests/test_exports.py::TestAllExports::test_export_xlsx_mocked[relatorios:formas_pagamento] FAILED [ 29%]
caixa_nfse/relatorios/tests/test_exports.py::TestAllExports::test_export_xlsx_mocked[relatorios:performance_operador] FAILED [ 32%]
caixa_nfse/relatorios/tests/test_exports.py::TestAllExports::test_export_xlsx_mocked[relatorios:historico_aberturas] FAILED [ 35%]
caixa_nfse/relatorios/tests/test_exports.py::TestAllExports::test_export_xlsx_mocked[relatorios:diferencas_caixa] FAILED [ 38%]
caixa_nfse/relatorios/tests/test_exports.py::TestAllExports::test_export_xlsx_mocked[relatorios:log_acoes] FAILED [ 41%]
caixa_nfse/relatorios/tests/test_views.py::TestRelatoriosPermissions::test_acesso_negado_nao_gerente PASSED [ 44%]
caixa_nfse/relatorios/tests/test_views.py::TestRelatoriosPermissions::test_acesso_permitido_gerente PASSED [ 47%]
caixa_nfse/relatorios/tests/test_views.py::TestMovimentacoesReportView::test_list_movimentacoes PASSED [ 50%]
caixa_nfse/relatorios/tests/test_views.py::TestMovimentacoesReportView::test_filter_by_date FAILED [ 52%]
caixa_nfse/relatorios/tests/test_views.py::TestMovimentacoesReportView::test_export_pdf_trigger FAILED [ 55%]
caixa_nfse/relatorios/tests/test_views.py::TestResumoCaixaReportView::test_resumo_calculo PASSED [ 58%]
caixa_nfse/relatorios/tests/test_views.py::TestOtherReports::test_formas_pagamento PASSED [ 61%]
caixa_nfse/relatorios/tests/test_views.py::TestOtherReports::test_performance_operador FAILED [ 64%]
caixa_nfse/relatorios/tests/test_views.py::TestOtherReports::test_historico_aberturas PASSED [ 67%]
caixa_nfse/relatorios/tests/test_views.py::TestOtherReports::test_diferencas_caixa PASSED [ 70%]
caixa_nfse/relatorios/tests/test_views.py::TestOtherReports::test_log_acoes PASSED [ 73%]
caixa_nfse/relatorios/tests/test_views.py::TestOtherReports::test_fechamentos_pendentes PASSED [ 76%]
caixa_nfse/relatorios/tests/test_views.py::TestOtherReports::test_dashboard_context PASSED [ 79%]
caixa_nfse/relatorios/tests/test_services.py::TestFormatCurrency::test_format_currency_none PASSED [ 82%]
caixa_nfse/relatorios/tests/test_services.py::TestFormatCurrency::test_format_currency_float PASSED [ 85%]
caixa_nfse/relatorios/tests/test_services.py::TestFormatCurrency::test_format_currency_decimal PASSED [ 88%]
caixa_nfse/relatorios/tests/test_services.py::TestExportServicePDF::test_to_pdf_missing_dependency PASSED [ 91%]
caixa_nfse/relatorios/tests/test_services.py::TestExportServicePDF::test_to_pdf_success PASSED [ 94%]
caixa_nfse/relatorios/tests/test_services.py::TestExportServiceXLSX::test_to_xlsx_missing_dependency PASSED [ 97%]
caixa_nfse/relatorios/tests/test_services.py::TestExportServiceXLSX::test_to_xlsx_success PASSED [100%]

================================== FAILURES ===================================
_______ TestAllExports.test_export_pdf_mocked[relatorios:movimentacoes] _______
caixa_nfse\relatorios\tests\test_exports.py:63: in test_export_pdf_mocked
    with pytest.mock.patch("caixa_nfse.relatorios.views.ExportService.to_pdf") as mock_pdf:
         ^^^^^^^^^^^
E   AttributeError: module 'pytest' has no attribute 'mock'
---------------------------- Captured stderr setup ----------------------------
Creating test database for alias 'default'...

_______ TestAllExports.test_export_pdf_mocked[relatorios:resumo_caixa] ________
caixa_nfse\relatorios\tests\test_exports.py:63: in test_export_pdf_mocked
    with pytest.mock.patch("caixa_nfse.relatorios.views.ExportService.to_pdf") as mock_pdf:
         ^^^^^^^^^^^
E   AttributeError: module 'pytest' has no attribute 'mock'
_____ TestAllExports.test_export_pdf_mocked[relatorios:formas_pagamento] ______
caixa_nfse\relatorios\tests\test_exports.py:63: in test_export_pdf_mocked
    with pytest.mock.patch("caixa_nfse.relatorios.views.ExportService.to_pdf") as mock_pdf:
         ^^^^^^^^^^^
E   AttributeError: module 'pytest' has no attribute 'mock'
___ TestAllExports.test_export_pdf_mocked[relatorios:performance_operador] ____
caixa_nfse\relatorios\tests\test_exports.py:63: in test_export_pdf_mocked
    with pytest.mock.patch("caixa_nfse.relatorios.views.ExportService.to_pdf") as mock_pdf:
         ^^^^^^^^^^^
E   AttributeError: module 'pytest' has no attribute 'mock'
____ TestAllExports.test_export_pdf_mocked[relatorios:historico_aberturas] ____
caixa_nfse\relatorios\tests\test_exports.py:63: in test_export_pdf_mocked
    with pytest.mock.patch("caixa_nfse.relatorios.views.ExportService.to_pdf") as mock_pdf:
         ^^^^^^^^^^^
E   AttributeError: module 'pytest' has no attribute 'mock'
_____ TestAllExports.test_export_pdf_mocked[relatorios:diferencas_caixa] ______
caixa_nfse\relatorios\tests\test_exports.py:63: in test_export_pdf_mocked
    with pytest.mock.patch("caixa_nfse.relatorios.views.ExportService.to_pdf") as mock_pdf:
         ^^^^^^^^^^^
E   AttributeError: module 'pytest' has no attribute 'mock'
_________ TestAllExports.test_export_pdf_mocked[relatorios:log_acoes] _________
caixa_nfse\relatorios\tests\test_exports.py:63: in test_export_pdf_mocked
    with pytest.mock.patch("caixa_nfse.relatorios.views.ExportService.to_pdf") as mock_pdf:
         ^^^^^^^^^^^
E   AttributeError: module 'pytest' has no attribute 'mock'
______ TestAllExports.test_export_xlsx_mocked[relatorios:movimentacoes] _______
caixa_nfse\relatorios\tests\test_exports.py:88: in test_export_xlsx_mocked
    with pytest.mock.patch("caixa_nfse.relatorios.views.ExportService.to_xlsx") as mock_xlsx:
         ^^^^^^^^^^^
E   AttributeError: module 'pytest' has no attribute 'mock'
_______ TestAllExports.test_export_xlsx_mocked[relatorios:resumo_caixa] _______
caixa_nfse\relatorios\tests\test_exports.py:88: in test_export_xlsx_mocked
    with pytest.mock.patch("caixa_nfse.relatorios.views.ExportService.to_xlsx") as mock_xlsx:
         ^^^^^^^^^^^
E   AttributeError: module 'pytest' has no attribute 'mock'
_____ TestAllExports.test_export_xlsx_mocked[relatorios:formas_pagamento] _____
caixa_nfse\relatorios\tests\test_exports.py:88: in test_export_xlsx_mocked
    with pytest.mock.patch("caixa_nfse.relatorios.views.ExportService.to_xlsx") as mock_xlsx:
         ^^^^^^^^^^^
E   AttributeError: module 'pytest' has no attribute 'mock'
___ TestAllExports.test_export_xlsx_mocked[relatorios:performance_operador] ___
caixa_nfse\relatorios\tests\test_exports.py:88: in test_export_xlsx_mocked
    with pytest.mock.patch("caixa_nfse.relatorios.views.ExportService.to_xlsx") as mock_xlsx:
         ^^^^^^^^^^^
E   AttributeError: module 'pytest' has no attribute 'mock'
___ TestAllExports.test_export_xlsx_mocked[relatorios:historico_aberturas] ____
caixa_nfse\relatorios\tests\test_exports.py:88: in test_export_xlsx_mocked
    with pytest.mock.patch("caixa_nfse.relatorios.views.ExportService.to_xlsx") as mock_xlsx:
         ^^^^^^^^^^^
E   AttributeError: module 'pytest' has no attribute 'mock'
_____ TestAllExports.test_export_xlsx_mocked[relatorios:diferencas_caixa] _____
caixa_nfse\relatorios\tests\test_exports.py:88: in test_export_xlsx_mocked
    with pytest.mock.patch("caixa_nfse.relatorios.views.ExportService.to_xlsx") as mock_xlsx:
         ^^^^^^^^^^^
E   AttributeError: module 'pytest' has no attribute 'mock'
________ TestAllExports.test_export_xlsx_mocked[relatorios:log_acoes] _________
caixa_nfse\relatorios\tests\test_exports.py:88: in test_export_xlsx_mocked
    with pytest.mock.patch("caixa_nfse.relatorios.views.ExportService.to_xlsx") as mock_xlsx:
         ^^^^^^^^^^^
E   AttributeError: module 'pytest' has no attribute 'mock'
_______________ TestMovimentacoesReportView.test_filter_by_date _______________
caixa_nfse\relatorios\tests\test_views.py:70: in test_filter_by_date
    assert self.movimento in movimentos
E   assert <MovimentoCaixa: Entrada - R$ 100.0> in <QuerySet []>
E    +  where <MovimentoCaixa: Entrada - R$ 100.0> = <caixa_nfse.relatorios.tests.test_views.TestMovimentacoesReportView object at 0x000001EB8CA047D0>.movimento
_____________ TestMovimentacoesReportView.test_export_pdf_trigger _____________
caixa_nfse\relatorios\tests\test_views.py:74: in test_export_pdf_trigger
    with pytest.mock.patch("caixa_nfse.relatorios.views.ExportService.to_pdf") as mock_pdf:
         ^^^^^^^^^^^
E   AttributeError: module 'pytest' has no attribute 'mock'
_________________ TestOtherReports.test_performance_operador __________________
caixa_nfse\relatorios\tests\test_views.py:152: in test_performance_operador
    assert self.user.email in str(response.content)
E   assert 'user40@teste.com' in 'b\'<!DOCTYPE html>\\n<html class="dark" lang="pt-BR">\\n<head>\\n    <meta charset="utf-8"/>\\n    <meta content="width=device-width, initial-scale=1.0" name="viewport"/>\\n    <meta name="description" content="wCaixaDigital - Sistema de Caixa com NFS-e">\\n    <title>Performance por Operador - Relat\\xc3\\xb3rios</title>\\n    \\n    <!-- Tailwind CSS -->\\n    <script src="https://cdn.tailwindcss.com?plugins=forms,container-queries"></script>\\n    \\n    <!-- Alpine.js -->\\n    <script defer src="https://cdn.jsdelivr.net/npm/alpinejs@3.13.3/dist/cdn.min.js"></script>\\n    \\n    <!-- Fonts -->\\n    <link href="https://fonts.googleapis.com/css2?family=Inter:wght@400;500;600;700&amp;display=swap" rel="stylesheet"/>\\n    <link href="https://fonts.googleapis.com/css2?family=Material+Symbols+Outlined:wght,FILL@100..700,0..1&amp;display=swap" rel="stylesheet"/>\\n    \\n    <script id="tailwind-config">\\n        tailwind.config = {\\n            darkMode: "class",\\n            theme: {\\n                extend: {\\n                    colors: {\\n                        "primary": "#f97316",\\n                        "background-light": "#f6f6f8",\\n                        "b...m font-mono text-success">R$ 100,00</td>\\n                    <td class="px-6 py-4 text-right text-sm font-mono text-danger">R$ 0,00</td>\\n                    <td class="px-6 py-4 text-right text-sm font-mono font-bold">R$ 100,00</td>\\n                </tr>\\n                \\n            </tbody>\\n            <tfoot class="bg-slate-100 dark:bg-background-dark border-t-2 border-slate-300 dark:border-border-dark">\\n                <tr class="font-bold">\\n                    <td colspan="2" class="px-6 py-4 text-sm uppercase">Total</td>\\n                    <td class="px-6 py-4 text-right text-sm">1</td>\\n                    <td class="px-6 py-4 text-right text-sm text-success font-mono">R$ 100,00</td>\\n                    <td class="px-6 py-4 text-right text-sm text-danger font-mono">R$ 0,00</td>\\n                    <td class="px-6 py-4 text-right text-sm font-mono">R$ 100,00</td>\\n                </tr>\\n            </tfoot>\\n        </table>\\n    </div>\\n</div>\\n\\n</div>\\n\\n        \\n    </main>\\n\\n    <!-- HTMX (Opcional, mas mantendo compatibilidade) -->\\n    <script src="https://unpkg.com/htmx.org@1.9.9"></script>\\n    \\n    \\n</body>\\n</html>\\n\''
E    +  where 'user40@teste.com' = <User: LetÝcia Monteiro>.email
E    +    where <User: LetÝcia Monteiro> = <caixa_nfse.relatorios.tests.test_views.TestOtherReports object at 0x000001EB8CA04B90>.user
E    +  and   'b\'<!DOCTYPE html>\\n<html class="dark" lang="pt-BR">\\n<head>\\n    <meta charset="utf-8"/>\\n    <meta content="width=device-width, initial-scale=1.0" name="viewport"/>\\n    <meta name="description" content="wCaixaDigital - Sistema de Caixa com NFS-e">\\n    <title>Performance por Operador - Relat\\xc3\\xb3rios</title>\\n    \\n    <!-- Tailwind CSS -->\\n    <script src="https://cdn.tailwindcss.com?plugins=forms,container-queries"></script>\\n    \\n    <!-- Alpine.js -->\\n    <script defer src="https://cdn.jsdelivr.net/npm/alpinejs@3.13.3/dist/cdn.min.js"></script>\\n    \\n    <!-- Fonts -->\\n    <link href="https://fonts.googleapis.com/css2?family=Inter:wght@400;500;600;700&amp;display=swap" rel="stylesheet"/>\\n    <link href="https://fonts.googleapis.com/css2?family=Material+Symbols+Outlined:wght,FILL@100..700,0..1&amp;display=swap" rel="stylesheet"/>\\n    \\n    <script id="tailwind-config">\\n        tailwind.config = {\\n            darkMode: "class",\\n            theme: {\\n                extend: {\\n                    colors: {\\n                        "primary": "#f97316",\\n                        "background-light": "#f6f6f8",\\n                        "b...m font-mono text-success">R$ 100,00</td>\\n                    <td class="px-6 py-4 text-right text-sm font-mono text-danger">R$ 0,00</td>\\n                    <td class="px-6 py-4 text-right text-sm font-mono font-bold">R$ 100,00</td>\\n                </tr>\\n                \\n            </tbody>\\n            <tfoot class="bg-slate-100 dark:bg-background-dark border-t-2 border-slate-300 dark:border-border-dark">\\n                <tr class="font-bold">\\n                    <td colspan="2" class="px-6 py-4 text-sm uppercase">Total</td>\\n                    <td class="px-6 py-4 text-right text-sm">1</td>\\n                    <td class="px-6 py-4 text-right text-sm text-success font-mono">R$ 100,00</td>\\n                    <td class="px-6 py-4 text-right text-sm text-danger font-mono">R$ 0,00</td>\\n                    <td class="px-6 py-4 text-right text-sm font-mono">R$ 100,00</td>\\n                </tr>\\n            </tfoot>\\n        </table>\\n    </div>\\n</div>\\n\\n</div>\\n\\n        \\n    </main>\\n\\n    <!-- HTMX (Opcional, mas mantendo compatibilidade) -->\\n    <script src="https://unpkg.com/htmx.org@1.9.9"></script>\\n    \\n    \\n</body>\\n</html>\\n\'' = str(b'<!DOCTYPE html>\n<html class="dark" lang="pt-BR">\n<head>\n    <meta charset="utf-8"/>\n    <meta content="width=device-width, initial-scale=1.0" name="viewport"/>\n    <meta name="description" content="wCaixaDigital - Sistema de Caixa com NFS-e">\n    <title>Performance por Operador - Relat\xc3\xb3rios</title>\n    \n    <!-- Tailwind CSS -->\n    <script src="https://cdn.tailwindcss.com?plugins=forms,container-queries"></script>\n    \n    <!-- Alpine.js -->\n    <script defer src="https://cdn.jsdelivr.net/npm/alpinejs@3.13.3/dist/cdn.min.js"></script>\n    \n    <!-- Fonts -->\n    <link href="https://fonts.googleapis.com/css2?family=Inter:wght@400;500;600;700&amp;display=swap" rel="stylesheet"/>\n    <link href="https://fonts.googleapis.com/css2?family=Material+Symbols+Outlined:wght,FILL@100..700,0..1&amp;display=swap" rel="stylesheet"/>\n    \n    <script id="tailwind-config">\n        tailwind.config = {\n            darkMode: "class",\n            theme: {\n                extend: {\n                    colors: {\n                        "primary": "#f97316",\n                        "background-light": "#f6f6f8",\n                        "background-dark": "#212224",\n ...ass="px-6 py-4 text-right text-sm font-mono text-success">R$ 100,00</td>\n                    <td class="px-6 py-4 text-right text-sm font-mono text-danger">R$ 0,00</td>\n                    <td class="px-6 py-4 text-right text-sm font-mono font-bold">R$ 100,00</td>\n                </tr>\n                \n            </tbody>\n            <tfoot class="bg-slate-100 dark:bg-background-dark border-t-2 border-slate-300 dark:border-border-dark">\n                <tr class="font-bold">\n                    <td colspan="2" class="px-6 py-4 text-sm uppercase">Total</td>\n                    <td class="px-6 py-4 text-right text-sm">1</td>\n                    <td class="px-6 py-4 text-right text-sm text-success font-mono">R$ 100,00</td>\n                    <td class="px-6 py-4 text-right text-sm text-danger font-mono">R$ 0,00</td>\n                    <td class="px-6 py-4 text-right text-sm font-mono">R$ 100,00</td>\n                </tr>\n            </tfoot>\n        </table>\n    </div>\n</div>\n\n</div>\n\n        \n    </main>\n\n    <!-- HTMX (Opcional, mas mantendo compatibilidade) -->\n    <script src="https://unpkg.com/htmx.org@1.9.9"></script>\n    \n    \n</body>\n</html>\n')
E    +    where b'<!DOCTYPE html>\n<html class="dark" lang="pt-BR">\n<head>\n    <meta charset="utf-8"/>\n    <meta content="width=device-width, initial-scale=1.0" name="viewport"/>\n    <meta name="description" content="wCaixaDigital - Sistema de Caixa com NFS-e">\n    <title>Performance por Operador - Relat\xc3\xb3rios</title>\n    \n    <!-- Tailwind CSS -->\n    <script src="https://cdn.tailwindcss.com?plugins=forms,container-queries"></script>\n    \n    <!-- Alpine.js -->\n    <script defer src="https://cdn.jsdelivr.net/npm/alpinejs@3.13.3/dist/cdn.min.js"></script>\n    \n    <!-- Fonts -->\n    <link href="https://fonts.googleapis.com/css2?family=Inter:wght@400;500;600;700&amp;display=swap" rel="stylesheet"/>\n    <link href="https://fonts.googleapis.com/css2?family=Material+Symbols+Outlined:wght,FILL@100..700,0..1&amp;display=swap" rel="stylesheet"/>\n    \n    <script id="tailwind-config">\n        tailwind.config = {\n            darkMode: "class",\n            theme: {\n                extend: {\n                    colors: {\n                        "primary": "#f97316",\n                        "background-light": "#f6f6f8",\n                        "background-dark": "#212224",\n ...ass="px-6 py-4 text-right text-sm font-mono text-success">R$ 100,00</td>\n                    <td class="px-6 py-4 text-right text-sm font-mono text-danger">R$ 0,00</td>\n                    <td class="px-6 py-4 text-right text-sm font-mono font-bold">R$ 100,00</td>\n                </tr>\n                \n            </tbody>\n            <tfoot class="bg-slate-100 dark:bg-background-dark border-t-2 border-slate-300 dark:border-border-dark">\n                <tr class="font-bold">\n                    <td colspan="2" class="px-6 py-4 text-sm uppercase">Total</td>\n                    <td class="px-6 py-4 text-right text-sm">1</td>\n                    <td class="px-6 py-4 text-right text-sm text-success font-mono">R$ 100,00</td>\n                    <td class="px-6 py-4 text-right text-sm text-danger font-mono">R$ 0,00</td>\n                    <td class="px-6 py-4 text-right text-sm font-mono">R$ 100,00</td>\n                </tr>\n            </tfoot>\n        </table>\n    </div>\n</div>\n\n</div>\n\n        \n    </main>\n\n    <!-- HTMX (Opcional, mas mantendo compatibilidade) -->\n    <script src="https://unpkg.com/htmx.org@1.9.9"></script>\n    \n    \n</body>\n</html>\n' = <TemplateResponse status_code=200, "text/html; charset=utf-8">.content
============================== warnings summary ===============================
caixa_nfse/relatorios/tests/test_exports.py: 28 warnings
caixa_nfse/relatorios/tests/test_views.py: 24 warnings
  C:\Users\Rodrigo\AppData\Local\Programs\Python\Python314\Lib\site-packages\factory\django.py:182: DeprecationWarning: UserFactory._after_postgeneration will stop saving the instance after postgeneration hooks in the next major release.
  If the save call is extraneous, set skip_postgeneration_save=True in the UserFactory.Meta.
  To keep saving the instance, move the save call to your postgeneration hooks or override _after_postgeneration.
    warnings.warn(

-- Docs: https://docs.pytest.org/en/stable/how-to/capture-warnings.html
=========================== short test summary info ===========================
FAILED caixa_nfse/relatorios/tests/test_exports.py::TestAllExports::test_export_pdf_mocked[relatorios:movimentacoes]
FAILED caixa_nfse/relatorios/tests/test_exports.py::TestAllExports::test_export_pdf_mocked[relatorios:resumo_caixa]
FAILED caixa_nfse/relatorios/tests/test_exports.py::TestAllExports::test_export_pdf_mocked[relatorios:formas_pagamento]
FAILED caixa_nfse/relatorios/tests/test_exports.py::TestAllExports::test_export_pdf_mocked[relatorios:performance_operador]
FAILED caixa_nfse/relatorios/tests/test_exports.py::TestAllExports::test_export_pdf_mocked[relatorios:historico_aberturas]
FAILED caixa_nfse/relatorios/tests/test_exports.py::TestAllExports::test_export_pdf_mocked[relatorios:diferencas_caixa]
FAILED caixa_nfse/relatorios/tests/test_exports.py::TestAllExports::test_export_pdf_mocked[relatorios:log_acoes]
FAILED caixa_nfse/relatorios/tests/test_exports.py::TestAllExports::test_export_xlsx_mocked[relatorios:movimentacoes]
FAILED caixa_nfse/relatorios/tests/test_exports.py::TestAllExports::test_export_xlsx_mocked[relatorios:resumo_caixa]
FAILED caixa_nfse/relatorios/tests/test_exports.py::TestAllExports::test_export_xlsx_mocked[relatorios:formas_pagamento]
FAILED caixa_nfse/relatorios/tests/test_exports.py::TestAllExports::test_export_xlsx_mocked[relatorios:performance_operador]
FAILED caixa_nfse/relatorios/tests/test_exports.py::TestAllExports::test_export_xlsx_mocked[relatorios:historico_aberturas]
FAILED caixa_nfse/relatorios/tests/test_exports.py::TestAllExports::test_export_xlsx_mocked[relatorios:diferencas_caixa]
FAILED caixa_nfse/relatorios/tests/test_exports.py::TestAllExports::test_export_xlsx_mocked[relatorios:log_acoes]
FAILED caixa_nfse/relatorios/tests/test_views.py::TestMovimentacoesReportView::test_filter_by_date
FAILED caixa_nfse/relatorios/tests/test_views.py::TestMovimentacoesReportView::test_export_pdf_trigger
FAILED caixa_nfse/relatorios/tests/test_views.py::TestOtherReports::test_performance_operador
================= 17 failed, 17 passed, 52 warnings in 2.20s ==================
