============================= test session starts =============================
platform win32 -- Python 3.14.2, pytest-9.0.2, pluggy-1.6.0 -- C:\Users\Rodrigo\AppData\Local\Programs\Python\Python314\python.exe
cachedir: .pytest_cache
django: version: 6.0.1, settings: caixa_nfse.settings.test (from option)
rootdir: C:\Users\Rodrigo\Projetos\wCaixaDigital
configfile: pytest.ini (WARNING: ignoring pytest config in pyproject.toml!)
plugins: anyio-4.12.1, Faker-40.1.2, django-4.11.1
collecting ... collected 41 items

caixa_nfse/core/tests/test_forms.py::TestFormaPagamentoForm::test_valid_form PASSED [  2%]
caixa_nfse/core/tests/test_forms.py::TestFormaPagamentoForm::test_default_ativo PASSED [  4%]
caixa_nfse/core/tests/test_forms.py::TestFormaPagamentoForm::test_invalid_taxa PASSED [  7%]
caixa_nfse/core/tests/test_forms.py::TestFormaPagamentoForm::test_init_with_instance PASSED [  9%]
caixa_nfse/core/tests/test_models.py::TestTenantModel::test_create_tenant PASSED [ 12%]
caixa_nfse/core/tests/test_models.py::TestTenantModel::test_endereco_completo PASSED [ 14%]
caixa_nfse/core/tests/test_models.py::TestTenantModel::test_endereco_completo_with_complemento PASSED [ 17%]
caixa_nfse/core/tests/test_models.py::TestTenantModel::test_certificado_validity PASSED [ 19%]
caixa_nfse/core/tests/test_models.py::TestTenantModel::test_proximo_numero_rps PASSED [ 21%]
caixa_nfse/core/tests/test_models.py::TestUserModel::test_create_user PASSED [ 24%]
caixa_nfse/core/tests/test_models.py::TestUserModel::test_create_user_no_email PASSED [ 26%]
caixa_nfse/core/tests/test_models.py::TestUserModel::test_create_superuser PASSED [ 29%]
caixa_nfse/core/tests/test_models.py::TestUserModel::test_create_superuser_validation PASSED [ 31%]
caixa_nfse/core/tests/test_models.py::TestFormaPagamentoModel::test_create_forma_pagamento PASSED [ 34%]
caixa_nfse/core/tests/test_models.py::TestFormaPagamentoModel::test_str_representation PASSED [ 36%]
caixa_nfse/core/tests/test_models.py::TestFormaPagamentoModel::test_unique_name_per_tenant PASSED [ 39%]
caixa_nfse/core/tests/test_models.py::TestCoreUtils::test_generate_hash PASSED [ 41%]
caixa_nfse/core/tests/test_models.py::TestCoreUtils::test_tenant_manager_all_with_inactive PASSED [ 43%]
caixa_nfse/core/tests/test_models.py::TestCoreUtils::test_generate_hash_chain PASSED [ 46%]
caixa_nfse/core/tests/test_views.py::TestDashboardView::test_redirect_superuser FAILED [ 48%]
caixa_nfse/core/tests/test_views.py::TestDashboardView::test_dashboard_admin_template PASSED [ 51%]
caixa_nfse/core/tests/test_views.py::TestDashboardView::test_dashboard_operador_template PASSED [ 53%]
caixa_nfse/core/tests/test_views.py::TestDashboardView::test_dashboard_admin_context_data PASSED [ 56%]
caixa_nfse/core/tests/test_views.py::TestDashboardView::test_dashboard_alerts_and_totals FAILED [ 58%]
caixa_nfse/core/tests/test_views.py::TestDashboardView::test_dashboard_operador_context_full FAILED [ 60%]
caixa_nfse/core/tests/test_views.py::TestDashboardView::test_dashboard_superuser_global_view PASSED [ 63%]
caixa_nfse/core/tests/test_views.py::TestHealthCheckView::test_health_check PASSED [ 65%]
caixa_nfse/core/tests/test_views.py::TestFormaPagamentoSettings::test_list_formas_pagamento PASSED [ 68%]
caixa_nfse/core/tests/test_views.py::TestFormaPagamentoSettings::test_create_forma_pagamento PASSED [ 70%]
caixa_nfse/core/tests/test_views.py::TestFormaPagamentoSettings::test_update_forma_pagamento FAILED [ 73%]
caixa_nfse/core/tests/test_views.py::TestFormaPagamentoSettings::test_delete_forma_pagamento PASSED [ 75%]
caixa_nfse/core/tests/test_views.py::TestMovimentosListView::test_list_movimentos_gerente PASSED [ 78%]
caixa_nfse/core/tests/test_views.py::TestMovimentosListView::test_list_movimentos_operador PASSED [ 80%]
caixa_nfse/core/tests/test_views.py::TestMovimentosListView::test_list_movimentos_filters PASSED [ 82%]
caixa_nfse/core/tests/test_views.py::TestSettingsView::test_settings_context PASSED [ 85%]
caixa_nfse/core/tests/test_views.py::TestTenantUserSettings::test_list_users PASSED [ 87%]
caixa_nfse/core/tests/test_views.py::TestTenantUserSettings::test_create_user PASSED [ 90%]
caixa_nfse/core/tests/test_views.py::TestTenantUserSettings::test_update_user PASSED [ 92%]
caixa_nfse/core/tests/test_views.py::TestFormaPagamentoContexts::test_create_forma_pagamento_context PASSED [ 95%]
caixa_nfse/core/tests/test_views.py::TestFormaPagamentoContexts::test_update_forma_pagamento_context PASSED [ 97%]
caixa_nfse/core/tests/test_views.py::TestFormaPagamentoContexts::test_delete_forma_pagamento_not_found PASSED [100%]

================================== FAILURES ===================================
__________________ TestDashboardView.test_redirect_superuser __________________
caixa_nfse\core\tests\test_views.py:21: in test_redirect_superuser
    assert response.url == "/backoffice/"  # Assuming backoffice namespace/url structure
    ^^^^^^^^^^^^^^^^^^^^^^^^^^^^^^^^^^^^^
E   AssertionError: assert '/platform/' == '/backoffice/'
E     
E     - /backoffice/
E     + /platform/
_____________ TestDashboardView.test_dashboard_alerts_and_totals ______________
caixa_nfse\core\tests\test_views.py:75: in test_dashboard_alerts_and_totals
    abertura = AberturaCaixa.objects.create(caixa=caixa, operador=operador)
               ^^^^^^^^^^^^^^^^^^^^^^^^^^^^^^^^^^^^^^^^^^^^^^^^^^^^^^^^^^^^
..\..\AppData\Local\Programs\Python\Python314\Lib\site-packages\django\db\models\manager.py:87: in manager_method
    return getattr(self.get_queryset(), name)(*args, **kwargs)
           ^^^^^^^^^^^^^^^^^^^^^^^^^^^^^^^^^^^^^^^^^^^^^^^^^^^
..\..\AppData\Local\Programs\Python\Python314\Lib\site-packages\django\db\models\query.py:669: in create
    obj.save(force_insert=True, using=self.db)
caixa_nfse\caixa\models.py:175: in save
    AberturaCaixa.objects.filter(tenant=self.tenant).order_by("-created_at").first()
                                        ^^^^^^^^^^^
..\..\AppData\Local\Programs\Python\Python314\Lib\site-packages\django\db\models\fields\related_descriptors.py:267: in __get__
    raise self.RelatedObjectDoesNotExist(
E   caixa_nfse.caixa.models.AberturaCaixa.tenant.RelatedObjectDoesNotExist: AberturaCaixa has no tenant.. Did you mean: 'tenant_id'?
___________ TestDashboardView.test_dashboard_operador_context_full ____________
caixa_nfse\core\tests\test_views.py:127: in test_dashboard_operador_context_full
    abertura = AberturaCaixa.objects.create(caixa=caixa, operador=user)
               ^^^^^^^^^^^^^^^^^^^^^^^^^^^^^^^^^^^^^^^^^^^^^^^^^^^^^^^^
..\..\AppData\Local\Programs\Python\Python314\Lib\site-packages\django\db\models\manager.py:87: in manager_method
    return getattr(self.get_queryset(), name)(*args, **kwargs)
           ^^^^^^^^^^^^^^^^^^^^^^^^^^^^^^^^^^^^^^^^^^^^^^^^^^^
..\..\AppData\Local\Programs\Python\Python314\Lib\site-packages\django\db\models\query.py:669: in create
    obj.save(force_insert=True, using=self.db)
caixa_nfse\caixa\models.py:175: in save
    AberturaCaixa.objects.filter(tenant=self.tenant).order_by("-created_at").first()
                                        ^^^^^^^^^^^
..\..\AppData\Local\Programs\Python\Python314\Lib\site-packages\django\db\models\fields\related_descriptors.py:267: in __get__
    raise self.RelatedObjectDoesNotExist(
E   caixa_nfse.caixa.models.AberturaCaixa.tenant.RelatedObjectDoesNotExist: AberturaCaixa has no tenant.. Did you mean: 'tenant_id'?
___________ TestFormaPagamentoSettings.test_update_forma_pagamento ____________
caixa_nfse\core\tests\test_views.py:228: in test_update_forma_pagamento
    pytest.fail(f"Form invalid: {response.context['form'].errors}")
E   Failed: Form invalid: <ul class="errorlist"><li>tipo<ul class="errorlist" id="id_tipo_error"><li>Este campo Ú obrigat¾rio.</li></ul></li></ul>
============================== warnings summary ===============================
caixa_nfse/core/tests/test_models.py: 1 warning
caixa_nfse/core/tests/test_views.py: 25 warnings
  C:\Users\Rodrigo\AppData\Local\Programs\Python\Python314\Lib\site-packages\factory\django.py:182: DeprecationWarning: UserFactory._after_postgeneration will stop saving the instance after postgeneration hooks in the next major release.
  If the save call is extraneous, set skip_postgeneration_save=True in the UserFactory.Meta.
  To keep saving the instance, move the save call to your postgeneration hooks or override _after_postgeneration.
    warnings.warn(

-- Docs: https://docs.pytest.org/en/stable/how-to/capture-warnings.html
=========================== short test summary info ===========================
FAILED caixa_nfse/core/tests/test_views.py::TestDashboardView::test_redirect_superuser
FAILED caixa_nfse/core/tests/test_views.py::TestDashboardView::test_dashboard_alerts_and_totals
FAILED caixa_nfse/core/tests/test_views.py::TestDashboardView::test_dashboard_operador_context_full
FAILED caixa_nfse/core/tests/test_views.py::TestFormaPagamentoSettings::test_update_forma_pagamento
================== 4 failed, 37 passed, 26 warnings in 2.15s ==================
