============================= test session starts =============================
platform win32 -- Python 3.14.2, pytest-9.0.2, pluggy-1.6.0
django: version: 6.0.1, settings: caixa_nfse.settings.test (from ini)
rootdir: C:\Users\Rodrigo\Projetos\wCaixaDigital
configfile: pytest.ini (WARNING: ignoring pytest config in pyproject.toml!)
plugins: anyio-4.12.1, Faker-40.1.2, cov-7.0.0, django-4.11.1
collected 50 items

caixa_nfse\core\tests\test_admin_config.py ..                            [  4%]
caixa_nfse\core\tests\test_admin_detailed.py ....                        [ 12%]
caixa_nfse\core\tests\test_commands.py ...                               [ 18%]
caixa_nfse\core\tests\test_forms.py ....                                 [ 26%]
caixa_nfse\core\tests\test_models.py ...............                     [ 56%]
caixa_nfse\core\tests\test_views.py ....FF...............F               [100%]

================================== FAILURES ===================================
_____________ TestDashboardView.test_dashboard_alerts_and_totals ______________
..\..\AppData\Local\Programs\Python\Python314\Lib\site-packages\django\db\backends\utils.py:105: in _execute
    return self.cursor.execute(sql, params)
           ^^^^^^^^^^^^^^^^^^^^^^^^^^^^^^^^
..\..\AppData\Local\Programs\Python\Python314\Lib\site-packages\django\db\backends\sqlite3\base.py:359: in execute
    return super().execute(query, params)
           ^^^^^^^^^^^^^^^^^^^^^^^^^^^^^^
E   sqlite3.IntegrityError: NOT NULL constraint failed: caixa_aberturacaixa.saldo_abertura

The above exception was the direct cause of the following exception:
caixa_nfse\core\tests\test_views.py:76: in test_dashboard_alerts_and_totals
    abertura = AberturaCaixa.objects.create(caixa=caixa, operador=operador, tenant=tenant)
               ^^^^^^^^^^^^^^^^^^^^^^^^^^^^^^^^^^^^^^^^^^^^^^^^^^^^^^^^^^^^^^^^^^^^^^^^^^^
..\..\AppData\Local\Programs\Python\Python314\Lib\site-packages\django\db\models\manager.py:87: in manager_method
    return getattr(self.get_queryset(), name)(*args, **kwargs)
           ^^^^^^^^^^^^^^^^^^^^^^^^^^^^^^^^^^^^^^^^^^^^^^^^^^^
..\..\AppData\Local\Programs\Python\Python314\Lib\site-packages\django\db\models\query.py:669: in create
    obj.save(force_insert=True, using=self.db)
caixa_nfse\caixa\models.py:190: in save
    super().save(*args, **kwargs)
..\..\AppData\Local\Programs\Python\Python314\Lib\site-packages\django\db\models\base.py:874: in save
    self.save_base(
..\..\AppData\Local\Programs\Python\Python314\Lib\site-packages\django\db\models\base.py:966: in save_base
    updated = self._save_table(
..\..\AppData\Local\Programs\Python\Python314\Lib\site-packages\django\db\models\base.py:1167: in _save_table
    results = self._do_insert(
..\..\AppData\Local\Programs\Python\Python314\Lib\site-packages\django\db\models\base.py:1218: in _do_insert
    return manager._insert(
..\..\AppData\Local\Programs\Python\Python314\Lib\site-packages\django\db\models\manager.py:87: in manager_method
    return getattr(self.get_queryset(), name)(*args, **kwargs)
           ^^^^^^^^^^^^^^^^^^^^^^^^^^^^^^^^^^^^^^^^^^^^^^^^^^^
..\..\AppData\Local\Programs\Python\Python314\Lib\site-packages\django\db\models\query.py:1918: in _insert
    return query.get_compiler(using=using).execute_sql(returning_fields)
           ^^^^^^^^^^^^^^^^^^^^^^^^^^^^^^^^^^^^^^^^^^^^^^^^^^^^^^^^^^^^^
..\..\AppData\Local\Programs\Python\Python314\Lib\site-packages\django\db\models\sql\compiler.py:1925: in execute_sql
    cursor.execute(sql, params)
..\..\AppData\Local\Programs\Python\Python314\Lib\site-packages\django\db\backends\utils.py:79: in execute
    return self._execute_with_wrappers(
..\..\AppData\Local\Programs\Python\Python314\Lib\site-packages\django\db\backends\utils.py:92: in _execute_with_wrappers
    return executor(sql, params, many, context)
           ^^^^^^^^^^^^^^^^^^^^^^^^^^^^^^^^^^^^
..\..\AppData\Local\Programs\Python\Python314\Lib\site-packages\django\db\backends\utils.py:100: in _execute
    with self.db.wrap_database_errors:
         ^^^^^^^^^^^^^^^^^^^^^^^^^^^^
..\..\AppData\Local\Programs\Python\Python314\Lib\site-packages\django\db\utils.py:94: in __exit__
    raise dj_exc_value.with_traceback(traceback) from exc_value
..\..\AppData\Local\Programs\Python\Python314\Lib\site-packages\django\db\backends\utils.py:105: in _execute
    return self.cursor.execute(sql, params)
           ^^^^^^^^^^^^^^^^^^^^^^^^^^^^^^^^
..\..\AppData\Local\Programs\Python\Python314\Lib\site-packages\django\db\backends\sqlite3\base.py:359: in execute
    return super().execute(query, params)
           ^^^^^^^^^^^^^^^^^^^^^^^^^^^^^^
E   django.db.utils.IntegrityError: NOT NULL constraint failed: caixa_aberturacaixa.saldo_abertura
___________ TestDashboardView.test_dashboard_operador_context_full ____________
..\..\AppData\Local\Programs\Python\Python314\Lib\site-packages\django\db\backends\utils.py:105: in _execute
    return self.cursor.execute(sql, params)
           ^^^^^^^^^^^^^^^^^^^^^^^^^^^^^^^^
..\..\AppData\Local\Programs\Python\Python314\Lib\site-packages\django\db\backends\sqlite3\base.py:359: in execute
    return super().execute(query, params)
           ^^^^^^^^^^^^^^^^^^^^^^^^^^^^^^
E   sqlite3.IntegrityError: NOT NULL constraint failed: caixa_aberturacaixa.saldo_abertura

The above exception was the direct cause of the following exception:
caixa_nfse\core\tests\test_views.py:130: in test_dashboard_operador_context_full
    abertura = AberturaCaixa.objects.create(caixa=caixa, operador=user, tenant=tenant)
               ^^^^^^^^^^^^^^^^^^^^^^^^^^^^^^^^^^^^^^^^^^^^^^^^^^^^^^^^^^^^^^^^^^^^^^^
..\..\AppData\Local\Programs\Python\Python314\Lib\site-packages\django\db\models\manager.py:87: in manager_method
    return getattr(self.get_queryset(), name)(*args, **kwargs)
           ^^^^^^^^^^^^^^^^^^^^^^^^^^^^^^^^^^^^^^^^^^^^^^^^^^^
..\..\AppData\Local\Programs\Python\Python314\Lib\site-packages\django\db\models\query.py:669: in create
    obj.save(force_insert=True, using=self.db)
caixa_nfse\caixa\models.py:190: in save
    super().save(*args, **kwargs)
..\..\AppData\Local\Programs\Python\Python314\Lib\site-packages\django\db\models\base.py:874: in save
    self.save_base(
..\..\AppData\Local\Programs\Python\Python314\Lib\site-packages\django\db\models\base.py:966: in save_base
    updated = self._save_table(
..\..\AppData\Local\Programs\Python\Python314\Lib\site-packages\django\db\models\base.py:1167: in _save_table
    results = self._do_insert(
..\..\AppData\Local\Programs\Python\Python314\Lib\site-packages\django\db\models\base.py:1218: in _do_insert
    return manager._insert(
..\..\AppData\Local\Programs\Python\Python314\Lib\site-packages\django\db\models\manager.py:87: in manager_method
    return getattr(self.get_queryset(), name)(*args, **kwargs)
           ^^^^^^^^^^^^^^^^^^^^^^^^^^^^^^^^^^^^^^^^^^^^^^^^^^^
..\..\AppData\Local\Programs\Python\Python314\Lib\site-packages\django\db\models\query.py:1918: in _insert
    return query.get_compiler(using=using).execute_sql(returning_fields)
           ^^^^^^^^^^^^^^^^^^^^^^^^^^^^^^^^^^^^^^^^^^^^^^^^^^^^^^^^^^^^^
..\..\AppData\Local\Programs\Python\Python314\Lib\site-packages\django\db\models\sql\compiler.py:1925: in execute_sql
    cursor.execute(sql, params)
..\..\AppData\Local\Programs\Python\Python314\Lib\site-packages\django\db\backends\utils.py:79: in execute
    return self._execute_with_wrappers(
..\..\AppData\Local\Programs\Python\Python314\Lib\site-packages\django\db\backends\utils.py:92: in _execute_with_wrappers
    return executor(sql, params, many, context)
           ^^^^^^^^^^^^^^^^^^^^^^^^^^^^^^^^^^^^
..\..\AppData\Local\Programs\Python\Python314\Lib\site-packages\django\db\backends\utils.py:100: in _execute
    with self.db.wrap_database_errors:
         ^^^^^^^^^^^^^^^^^^^^^^^^^^^^
..\..\AppData\Local\Programs\Python\Python314\Lib\site-packages\django\db\utils.py:94: in __exit__
    raise dj_exc_value.with_traceback(traceback) from exc_value
..\..\AppData\Local\Programs\Python\Python314\Lib\site-packages\django\db\backends\utils.py:105: in _execute
    return self.cursor.execute(sql, params)
           ^^^^^^^^^^^^^^^^^^^^^^^^^^^^^^^^
..\..\AppData\Local\Programs\Python\Python314\Lib\site-packages\django\db\backends\sqlite3\base.py:359: in execute
    return super().execute(query, params)
           ^^^^^^^^^^^^^^^^^^^^^^^^^^^^^^
E   django.db.utils.IntegrityError: NOT NULL constraint failed: caixa_aberturacaixa.saldo_abertura
______ TestFormaPagamentoContexts.test_delete_forma_pagamento_not_found _______
caixa_nfse\core\tests\test_views.py:393: in test_delete_forma_pagamento_not_found
    response = client.post(url)
               ^^^^^^^^^^^^^^^^
..\..\AppData\Local\Programs\Python\Python314\Lib\site-packages\django\test\client.py:1153: in post
    response = super().post(
..\..\AppData\Local\Programs\Python\Python314\Lib\site-packages\django\test\client.py:499: in post
    return self.generic(
..\..\AppData\Local\Programs\Python\Python314\Lib\site-packages\django\test\client.py:671: in generic
    return self.request(**r)
           ^^^^^^^^^^^^^^^^^
..\..\AppData\Local\Programs\Python\Python314\Lib\site-packages\django\test\client.py:1087: in request
    self.check_exception(response)
..\..\AppData\Local\Programs\Python\Python314\Lib\site-packages\django\test\client.py:802: in check_exception
    raise exc_value
..\..\AppData\Local\Programs\Python\Python314\Lib\site-packages\django\core\handlers\exception.py:55: in inner
    response = get_response(request)
               ^^^^^^^^^^^^^^^^^^^^^
..\..\AppData\Local\Programs\Python\Python314\Lib\site-packages\django\core\handlers\base.py:205: in _get_response
    self.check_response(response, callback)
..\..\AppData\Local\Programs\Python\Python314\Lib\site-packages\django\core\handlers\base.py:333: in check_response
    raise ValueError(
E   ValueError: The view caixa_nfse.core.views.view didn't return an HttpResponse object. It returned None instead.
============================== warnings summary ===============================
caixa_nfse/core/tests/test_admin_config.py: 2 warnings
caixa_nfse/core/tests/test_admin_detailed.py: 4 warnings
caixa_nfse/core/tests/test_models.py: 1 warning
caixa_nfse/core/tests/test_views.py: 25 warnings
  C:\Users\Rodrigo\AppData\Local\Programs\Python\Python314\Lib\site-packages\factory\django.py:182: DeprecationWarning: UserFactory._after_postgeneration will stop saving the instance after postgeneration hooks in the next major release.
  If the save call is extraneous, set skip_postgeneration_save=True in the UserFactory.Meta.
  To keep saving the instance, move the save call to your postgeneration hooks or override _after_postgeneration.
    warnings.warn(

-- Docs: https://docs.pytest.org/en/stable/how-to/capture-warnings.html
=========================== short test summary info ===========================
FAILED caixa_nfse/core/tests/test_views.py::TestDashboardView::test_dashboard_alerts_and_totals
FAILED caixa_nfse/core/tests/test_views.py::TestDashboardView::test_dashboard_operador_context_full
FAILED caixa_nfse/core/tests/test_views.py::TestFormaPagamentoContexts::test_delete_forma_pagamento_not_found
================== 3 failed, 47 passed, 32 warnings in 2.77s ==================
